<?xml version="1.0" encoding="UTF-8"?>
<!-- Generated by org.testng.reporters.JUnitReportReporter -->
<testsuite hostname="DESKTOP-BC1IF9F" failures="0" tests="7" name="AutomationFrameWork.TestCases.UsersRegistration.TraderRegistrationTestCases" time="74.987" errors="0" timestamp="2021-06-07T16:18:24 PKT" skipped="0">
  <testcase classname="AutomationFrameWork.TestCases.UsersRegistration.TraderRegistrationTestCases" name="Login" time="26.772"/>
  <system-out/>
  <testcase classname="AutomationFrameWork.TestCases.UsersRegistration.TraderRegistrationTestCases" name="ValidateTraderRegistration" time="15.787"/>
  <system-out/>
  <testcase classname="AutomationFrameWork.TestCases.UsersRegistration.TraderRegistrationTestCases" name="validateTraderSpecificMenusAppear" time="3.074"/>
  <system-out/>
  <testcase classname="AutomationFrameWork.TestCases.UsersRegistration.TraderRegistrationTestCases" name="validatePinnedMenusAppear" time="7.632"/>
  <system-out/>
  <testcase classname="AutomationFrameWork.TestCases.UsersRegistration.TraderRegistrationTestCases" name="validateUnpinnedMenusDisappear" time="8.507"/>
  <system-out/>
  <testcase classname="AutomationFrameWork.TestCases.UsersRegistration.TraderRegistrationTestCases" name="searchAndOpenMenus" time="10.110"/>
  <system-out/>
  <testcase classname="AutomationFrameWork.TestCases.UsersRegistration.TraderRegistrationTestCases" name="Logout" time="3.105"/>
  <system-out/>
</testsuite> <!-- AutomationFrameWork.TestCases.UsersRegistration.TraderRegistrationTestCases -->
