<?xml version="1.0" encoding="UTF-8"?>
<!-- Generated by org.testng.reporters.JUnitReportReporter -->
<testsuite skipped="0" hostname="CRKRW-KHANNHAR1" name="AutomationFrameWork.selMainClass" tests="1" failures="0" timestamp="10 Apr 2018 15:09:51 GMT" time="9.346" errors="0">
  <testcase name="f" time="9.346" classname="AutomationFrameWork.selMainClass"/>
</testsuite> <!-- AutomationFrameWork.selMainClass -->
