<?xml version="1.0" encoding="UTF-8"?>
<!-- Generated by org.testng.reporters.JUnitReportReporter -->
<testsuite skipped="0" hostname="CRKRW-KHANNHAR1" name="AutomationFrameWork.DemoTestNG" tests="1" failures="0" timestamp="10 Apr 2018 12:02:35 GMT" time="8.498" errors="0">
  <testcase name="Login" time="8.498" classname="AutomationFrameWork.DemoTestNG"/>
</testsuite> <!-- AutomationFrameWork.DemoTestNG -->
