<?xml version="1.0" encoding="UTF-8"?>
<!-- Generated by org.testng.reporters.JUnitReportReporter -->
<testsuite hostname="DESKTOP-BC1IF9F" failures="0" tests="10" name="AutomationFrameWork.TestCases.TestCase1" time="145.318" errors="0" timestamp="2021-03-05T15:18:49 PKT" skipped="9">
  <testcase classname="AutomationFrameWork.TestCases.TestCase1" name="TC7" time="145.318"/>
  <system-out>
Browser Opened Application Application Opened Opened  </system-out>
  <testcase classname="AutomationFrameWork.TestCases.TestCase1" name="TC8">
    <skipped/>
  </testcase> <!-- TC8 -->
  <system-out/>
  <testcase classname="AutomationFrameWork.TestCases.TestCase1" name="TC9">
    <skipped/>
  </testcase> <!-- TC9 -->
  <system-out/>
  <testcase classname="AutomationFrameWork.TestCases.TestCase1" name="TC3">
    <skipped/>
  </testcase> <!-- TC3 -->
  <system-out/>
  <testcase classname="AutomationFrameWork.TestCases.TestCase1" name="TC10">
    <skipped/>
  </testcase> <!-- TC10 -->
  <system-out/>
  <testcase classname="AutomationFrameWork.TestCases.TestCase1" name="TC4">
    <skipped/>
  </testcase> <!-- TC4 -->
  <system-out/>
  <testcase classname="AutomationFrameWork.TestCases.TestCase1" name="TC5">
    <skipped/>
  </testcase> <!-- TC5 -->
  <system-out/>
  <testcase classname="AutomationFrameWork.TestCases.TestCase1" name="TC6">
    <skipped/>
  </testcase> <!-- TC6 -->
  <system-out/>
  <testcase classname="AutomationFrameWork.TestCases.TestCase1" name="TC1">
    <skipped/>
  </testcase> <!-- TC1 -->
  <system-out/>
  <testcase classname="AutomationFrameWork.TestCases.TestCase1" name="TC2">
    <skipped/>
  </testcase> <!-- TC2 -->
  <system-out/>
</testsuite> <!-- AutomationFrameWork.TestCases.TestCase1 -->
