<?xml version="1.0" encoding="UTF-8"?>
<!-- Generated by org.testng.reporters.JUnitReportReporter -->
<testsuite hostname="DESKTOP-BC1IF9F" failures="0" tests="1" name="AutomationFrameWork.TestCases.CarrierDeclaration.CarrierDeclarationTestCases" time="186.846" errors="0" timestamp="2021-06-08T15:25:48 PKT" skipped="0">
  <testcase classname="AutomationFrameWork.TestCases.CarrierDeclaration.CarrierDeclarationTestCases" name="TC1" time="186.846"/>
  <system-out/>
</testsuite> <!-- AutomationFrameWork.TestCases.CarrierDeclaration.CarrierDeclarationTestCases -->
