<?xml version="1.0" encoding="UTF-8"?>
<!-- Generated by org.testng.reporters.JUnitReportReporter -->
<testsuite hostname="DESKTOP-BC1IF9F" failures="0" tests="9" name="AutomationFrameWork.TestCases.UsersRegistration.CustomsRegistrationTestCases" time="119.089" errors="0" timestamp="2021-06-07T16:14:04 PKT" skipped="0">
  <testcase classname="AutomationFrameWork.TestCases.UsersRegistration.CustomsRegistrationTestCases" name="Login" time="28.364"/>
  <system-out/>
  <testcase classname="AutomationFrameWork.TestCases.UsersRegistration.CustomsRegistrationTestCases" name="ValidateCustomsRegistration" time="23.557"/>
  <system-out/>
  <testcase classname="AutomationFrameWork.TestCases.UsersRegistration.CustomsRegistrationTestCases" name="ValidateCustomsRegistrationWithDiff_License" time="16.682"/>
  <system-out/>
  <testcase classname="AutomationFrameWork.TestCases.UsersRegistration.CustomsRegistrationTestCases" name="ValidateCustomsRegistrationWithSame_License" time="15.931"/>
  <system-out/>
  <testcase classname="AutomationFrameWork.TestCases.UsersRegistration.CustomsRegistrationTestCases" name="validateCustomsAgentSpecificMenusAppear" time="5.446"/>
  <system-out/>
  <testcase classname="AutomationFrameWork.TestCases.UsersRegistration.CustomsRegistrationTestCases" name="validatePinnedMenusAppear" time="7.775"/>
  <system-out/>
  <testcase classname="AutomationFrameWork.TestCases.UsersRegistration.CustomsRegistrationTestCases" name="validateUnpinnedMenusDisappear" time="8.365"/>
  <system-out/>
  <testcase classname="AutomationFrameWork.TestCases.UsersRegistration.CustomsRegistrationTestCases" name="searchAndOpenMenus" time="9.944"/>
  <system-out/>
  <testcase classname="AutomationFrameWork.TestCases.UsersRegistration.CustomsRegistrationTestCases" name="Logout" time="3.025"/>
  <system-out/>
</testsuite> <!-- AutomationFrameWork.TestCases.UsersRegistration.CustomsRegistrationTestCases -->
