<?xml version="1.0" encoding="UTF-8"?>
<!-- Generated by org.testng.reporters.JUnitReportReporter -->
<testsuite hostname="DESKTOP-BC1IF9F" failures="0" tests="1" name="AutomationFrameWork.TestCases.GoodsDeclaration.GoodDealarationTestCases" time="400.649" errors="0" timestamp="2021-06-09T12:22:00 PKT" skipped="0">
  <testcase classname="AutomationFrameWork.TestCases.GoodsDeclaration.GoodDealarationTestCases" name="TC1" time="400.649"/>
  <system-out/>
</testsuite> <!-- AutomationFrameWork.TestCases.GoodsDeclaration.GoodDealarationTestCases -->
