<?xml version="1.0" encoding="UTF-8"?>
<!-- Generated by org.testng.reporters.JUnitReportReporter -->
<testsuite hostname="DESKTOP-BC1IF9F" failures="0" tests="33" name="AutomationFrameWork.TestCases.SubscriptionTestCases.SubscriptionRegressionTestCases" time="2.492" errors="0" timestamp="2021-09-21T09:49:27 PKT" skipped="32">
  <testcase classname="AutomationFrameWork.TestCases.SubscriptionTestCases.SubscriptionRegressionTestCases" name="TC46_Test" time="2.492"/>
  <system-out/>
  <testcase classname="AutomationFrameWork.TestCases.SubscriptionTestCases.SubscriptionRegressionTestCases" name="TC31">
    <skipped/>
  </testcase> <!-- TC31 -->
  <system-out/>
  <testcase classname="AutomationFrameWork.TestCases.SubscriptionTestCases.SubscriptionRegressionTestCases" name="TC33">
    <skipped/>
  </testcase> <!-- TC33 -->
  <system-out/>
  <testcase classname="AutomationFrameWork.TestCases.SubscriptionTestCases.SubscriptionRegressionTestCases" name="TC30">
    <skipped/>
  </testcase> <!-- TC30 -->
  <system-out/>
  <testcase classname="AutomationFrameWork.TestCases.SubscriptionTestCases.SubscriptionRegressionTestCases" name="TC10">
    <skipped/>
  </testcase> <!-- TC10 -->
  <system-out/>
  <testcase classname="AutomationFrameWork.TestCases.SubscriptionTestCases.SubscriptionRegressionTestCases" name="TC32">
    <skipped/>
  </testcase> <!-- TC32 -->
  <system-out/>
  <testcase classname="AutomationFrameWork.TestCases.SubscriptionTestCases.SubscriptionRegressionTestCases" name="TC14">
    <skipped/>
  </testcase> <!-- TC14 -->
  <system-out/>
  <testcase classname="AutomationFrameWork.TestCases.SubscriptionTestCases.SubscriptionRegressionTestCases" name="TC36">
    <skipped/>
  </testcase> <!-- TC36 -->
  <system-out/>
  <testcase classname="AutomationFrameWork.TestCases.SubscriptionTestCases.SubscriptionRegressionTestCases" name="TC17">
    <skipped/>
  </testcase> <!-- TC17 -->
  <system-out/>
  <testcase classname="AutomationFrameWork.TestCases.SubscriptionTestCases.SubscriptionRegressionTestCases" name="TC39">
    <skipped/>
  </testcase> <!-- TC39 -->
  <system-out/>
  <testcase classname="AutomationFrameWork.TestCases.SubscriptionTestCases.SubscriptionRegressionTestCases" name="TC43Change_Password">
    <skipped/>
  </testcase> <!-- TC43Change_Password -->
  <system-out/>
  <testcase classname="AutomationFrameWork.TestCases.SubscriptionTestCases.SubscriptionRegressionTestCases" name="TC19">
    <skipped/>
  </testcase> <!-- TC19 -->
  <system-out/>
  <testcase classname="AutomationFrameWork.TestCases.SubscriptionTestCases.SubscriptionRegressionTestCases" name="TC38">
    <skipped/>
  </testcase> <!-- TC38 -->
  <system-out/>
  <testcase classname="AutomationFrameWork.TestCases.SubscriptionTestCases.SubscriptionRegressionTestCases" name="TC16">
    <skipped/>
  </testcase> <!-- TC16 -->
  <system-out/>
  <testcase classname="AutomationFrameWork.TestCases.SubscriptionTestCases.SubscriptionRegressionTestCases" name="TC35">
    <skipped/>
  </testcase> <!-- TC35 -->
  <system-out/>
  <testcase classname="AutomationFrameWork.TestCases.SubscriptionTestCases.SubscriptionRegressionTestCases" name="TC41_Verify_voucher_is_generating_with_PSID_Application_ID_Amount_Due_Date_and_Payment_Status">
    <skipped/>
  </testcase> <!-- TC41_Verify_voucher_is_generating_with_PSID_Application_ID_Amount_Due_Date_and_Payment_Status -->
  <system-out/>
  <testcase classname="AutomationFrameWork.TestCases.SubscriptionTestCases.SubscriptionRegressionTestCases" name="TC13">
    <skipped/>
  </testcase> <!-- TC13 -->
  <system-out/>
  <testcase classname="AutomationFrameWork.TestCases.SubscriptionTestCases.SubscriptionRegressionTestCases" name="TC44_PMD_Attemp_And_Expiry_APID_Check_With_ResumeApplicaiton">
    <skipped/>
  </testcase> <!-- TC44_PMD_Attemp_And_Expiry_APID_Check_With_ResumeApplicaiton -->
  <system-out/>
  <testcase classname="AutomationFrameWork.TestCases.SubscriptionTestCases.SubscriptionRegressionTestCases" name="TC18">
    <skipped/>
  </testcase> <!-- TC18 -->
  <system-out/>
  <testcase classname="AutomationFrameWork.TestCases.SubscriptionTestCases.SubscriptionRegressionTestCases" name="TC45_PMD_Attemp_And_Expiry_APID_Check">
    <skipped/>
  </testcase> <!-- TC45_PMD_Attemp_And_Expiry_APID_Check -->
  <system-out/>
  <testcase classname="AutomationFrameWork.TestCases.SubscriptionTestCases.SubscriptionRegressionTestCases" name="TC37">
    <skipped/>
  </testcase> <!-- TC37 -->
  <system-out/>
  <testcase classname="AutomationFrameWork.TestCases.SubscriptionTestCases.SubscriptionRegressionTestCases" name="TC15">
    <skipped/>
  </testcase> <!-- TC15 -->
  <system-out/>
  <testcase classname="AutomationFrameWork.TestCases.SubscriptionTestCases.SubscriptionRegressionTestCases" name="TC34">
    <skipped/>
  </testcase> <!-- TC34 -->
  <system-out/>
  <testcase classname="AutomationFrameWork.TestCases.SubscriptionTestCases.SubscriptionRegressionTestCases" name="TC20">
    <skipped/>
  </testcase> <!-- TC20 -->
  <system-out/>
  <testcase classname="AutomationFrameWork.TestCases.SubscriptionTestCases.SubscriptionRegressionTestCases" name="TC22">
    <skipped/>
  </testcase> <!-- TC22 -->
  <system-out/>
  <testcase classname="AutomationFrameWork.TestCases.SubscriptionTestCases.SubscriptionRegressionTestCases" name="TC21">
    <skipped/>
  </testcase> <!-- TC21 -->
  <system-out/>
  <testcase classname="AutomationFrameWork.TestCases.SubscriptionTestCases.SubscriptionRegressionTestCases" name="TC40">
    <skipped/>
  </testcase> <!-- TC40 -->
  <system-out/>
  <testcase classname="AutomationFrameWork.TestCases.SubscriptionTestCases.SubscriptionRegressionTestCases" name="TC25">
    <skipped/>
  </testcase> <!-- TC25 -->
  <system-out/>
  <testcase classname="AutomationFrameWork.TestCases.SubscriptionTestCases.SubscriptionRegressionTestCases" name="TC28">
    <skipped/>
  </testcase> <!-- TC28 -->
  <system-out/>
  <testcase classname="AutomationFrameWork.TestCases.SubscriptionTestCases.SubscriptionRegressionTestCases" name="TC27">
    <skipped/>
  </testcase> <!-- TC27 -->
  <system-out/>
  <testcase classname="AutomationFrameWork.TestCases.SubscriptionTestCases.SubscriptionRegressionTestCases" name="TC24">
    <skipped/>
  </testcase> <!-- TC24 -->
  <system-out/>
  <testcase classname="AutomationFrameWork.TestCases.SubscriptionTestCases.SubscriptionRegressionTestCases" name="TC29">
    <skipped/>
  </testcase> <!-- TC29 -->
  <system-out/>
  <testcase classname="AutomationFrameWork.TestCases.SubscriptionTestCases.SubscriptionRegressionTestCases" name="TC26">
    <skipped/>
  </testcase> <!-- TC26 -->
  <system-out/>
</testsuite> <!-- AutomationFrameWork.TestCases.SubscriptionTestCases.SubscriptionRegressionTestCases -->
