<?xml version="1.0" encoding="UTF-8"?>
<!-- Generated by org.testng.reporters.JUnitReportReporter -->
<testsuite hostname="DESKTOP-BC1IF9F" failures="0" tests="1" name="AutomationFrameWork.TestCases.EForm.EForm" time="140.680" errors="0" timestamp="2021-06-15T10:26:15 PKT" skipped="0">
  <testcase classname="AutomationFrameWork.TestCases.EForm.EForm" name="TC1" time="140.680"/>
  <system-out/>
</testsuite> <!-- AutomationFrameWork.TestCases.EForm.EForm -->
